# JRE version: OpenJDK Runtime Environment (11.0.11+9) (build 11.0.11+9-Ubuntu-0ubuntu2.18.04)
# Java VM: OpenJDK 64-Bit Server VM (11.0.11+9-Ubuntu-0ubuntu2.18.04, mixed mode, sharing, tiered, compressed oops, concurrent mark sweep gc, linux-amd64)
Heap:
 par new generation   total 78656K, used 78655K [0x00000000f0000000, 0x00000000f5550000, 0x00000000f5550000)
  eden space 69952K, 100% used [0x00000000f0000000, 0x00000000f4450000, 0x00000000f4450000)
  from space 8704K,  99% used [0x00000000f4450000, 0x00000000f4ccfff0, 0x00000000f4cd0000)
  to   space 8704K,   0% used [0x00000000f4cd0000, 0x00000000f4cd0000, 0x00000000f5550000)
 concurrent mark-sweep generation total 174784K, used 174784K [0x00000000f5550000, 0x0000000100000000, 0x0000000100000000)
 Metaspace       used 65915K, capacity 68793K, committed 69760K, reserved 1112064K
  class space    used 6077K, capacity 7052K, committed 7296K, reserved 1048576K
GC Heap History (20 events):
Event: 690.956 GC heap before
{Heap before GC invocations=1556 (full 1344):
 par new generation   total 78656K, used 78655K [0x00000000f0000000, 0x00000000f5550000, 0x00000000f5550000)
  eden space 69952K, 100% used [0x00000000f0000000, 0x00000000f4450000, 0x00000000f4450000)
  from space 8704K,  99% used [0x00000000f4450000, 0x00000000f4ccfff8, 0x00000000f4cd0000)
  to   space 8704K,   0% used [0x00000000f4cd0000, 0x00000000f4cd0000, 0x00000000f5550000)
 concurrent mark-sweep generation total 174784K, used 174783K [0x00000000f5550000, 0x0000000100000000, 0x0000000100000000)
 Metaspace       used 65915K, capacity 68793K, committed 69760K, reserved 1112064K
  class space    used 6077K, capacity 7052K, committed 7296K, reserved 1048576K
}
Event: 691.701 GC heap after
{Heap after GC invocations=1557 (full 1345):
 par new generation   total 78656K, used 69779K [0x00000000f0000000, 0x00000000f5550000, 0x00000000f5550000)
  eden space 69952K,  99% used [0x00000000f0000000, 0x00000000f4424ce0, 0x00000000f4450000)
  from space 8704K,   0% used [0x00000000f4450000, 0x00000000f4450000, 0x00000000f4cd0000)
  to   space 8704K,   0% used [0x00000000f4cd0000, 0x00000000f4cd0000, 0x00000000f5550000)
 concurrent mark-sweep generation total 174784K, used 174783K [0x00000000f5550000, 0x0000000100000000, 0x0000000100000000)
 Metaspace       used 65915K, capacity 68793K, committed 69760K, reserved 1112064K
  class space    used 6077K, capacity 7052K, committed 7296K, reserved 1048576K
}
Event: 691.746 GC heap before
{Heap before GC invocations=1557 (full 1345):
 par new generation   total 78656K, used 78655K [0x00000000f0000000, 0x00000000f5550000, 0x00000000f5550000)
  eden space 69952K, 100% used [0x00000000f0000000, 0x00000000f4450000, 0x00000000f4450000)
  from space 8704K,  99% used [0x00000000f4450000, 0x00000000f4ccfe78, 0x00000000f4cd0000)
  to   space 8704K,   0% used [0x00000000f4cd0000, 0x00000000f4cd0000, 0x00000000f5550000)
 concurrent mark-sweep generation total 174784K, used 174783K [0x00000000f5550000, 0x0000000100000000, 0x0000000100000000)
 Metaspace       used 65915K, capacity 68793K, committed 69760K, reserved 1112064K
  class space    used 6077K, capacity 7052K, committed 7296K, reserved 1048576K
}
Event: 692.329 GC heap after
{Heap after GC invocations=1558 (full 1346):
 par new generation   total 78656K, used 69720K [0x00000000f0000000, 0x00000000f5550000, 0x00000000f5550000)
  eden space 69952K,  99% used [0x00000000f0000000, 0x00000000f4416078, 0x00000000f4450000)
  from space 8704K,   0% used [0x00000000f4450000, 0x00000000f4450000, 0x00000000f4cd0000)
  to   space 8704K,   0% used [0x00000000f4cd0000, 0x00000000f4cd0000, 0x00000000f5550000)
 concurrent mark-sweep generation total 174784K, used 174783K [0x00000000f5550000, 0x0000000100000000, 0x0000000100000000)
 Metaspace       used 65915K, capacity 68793K, committed 69760K, reserved 1112064K
  class space    used 6077K, capacity 7052K, committed 7296K, reserved 1048576K
}
Event: 692.423 GC heap before
{Heap before GC invocations=1558 (full 1347):
 par new generation   total 78656K, used 78656K [0x00000000f0000000, 0x00000000f5550000, 0x00000000f5550000)
  eden space 69952K, 100% used [0x00000000f0000000, 0x00000000f4450000, 0x00000000f4450000)
  from space 8704K, 100% used [0x00000000f4450000, 0x00000000f4cd0000, 0x00000000f4cd0000)
  to   space 8704K,   0% used [0x00000000f4cd0000, 0x00000000f4cd0000, 0x00000000f5550000)
 concurrent mark-sweep generation total 174784K, used 174783K [0x00000000f5550000, 0x0000000100000000, 0x0000000100000000)
 Metaspace       used 65915K, capacity 68793K, committed 69760K, reserved 1112064K
  class space    used 6077K, capacity 7052K, committed 7296K, reserved 1048576K
}
Event: 693.157 GC heap after
{Heap after GC invocations=1559 (full 1348):
 par new generation   total 78656K, used 69722K [0x00000000f0000000, 0x00000000f5550000, 0x00000000f5550000)
  eden space 69952K,  99% used [0x00000000f0000000, 0x00000000f4416a10, 0x00000000f4450000)
  from space 8704K,   0% used [0x00000000f4450000, 0x00000000f4450000, 0x00000000f4cd0000)
  to   space 8704K,   0% used [0x00000000f4cd0000, 0x00000000f4cd0000, 0x00000000f5550000)
 concurrent mark-sweep generation total 174784K, used 174783K [0x00000000f5550000, 0x0000000100000000, 0x0000000100000000)
 Metaspace       used 65915K, capacity 68793K, committed 69760K, reserved 1112064K
  class space    used 6077K, capacity 7052K, committed 7296K, reserved 1048576K
}
Event: 693.212 GC heap before
{Heap before GC invocations=1559 (full 1348):
 par new generation   total 78656K, used 78650K [0x00000000f0000000, 0x00000000f5550000, 0x00000000f5550000)
  eden space 69952K, 100% used [0x00000000f0000000, 0x00000000f4450000, 0x00000000f4450000)
  from space 8704K,  99% used [0x00000000f4450000, 0x00000000f4ccead0, 0x00000000f4cd0000)
  to   space 8704K,   0% used [0x00000000f4cd0000, 0x00000000f4cd0000, 0x00000000f5550000)
 concurrent mark-sweep generation total 174784K, used 174783K [0x00000000f5550000, 0x0000000100000000, 0x0000000100000000)
 Metaspace       used 65915K, capacity 68793K, committed 69760K, reserved 1112064K
  class space    used 6077K, capacity 7052K, committed 7296K, reserved 1048576K
}
Event: 693.790 GC heap after
{Heap after GC invocations=1560 (full 1349):
 par new generation   total 78656K, used 69726K [0x00000000f0000000, 0x00000000f5550000, 0x00000000f5550000)
  eden space 69952K,  99% used [0x00000000f0000000, 0x00000000f4417bc0, 0x00000000f4450000)
  from space 8704K,   0% used [0x00000000f4450000, 0x00000000f4450000, 0x00000000f4cd0000)
  to   space 8704K,   0% used [0x00000000f4cd0000, 0x00000000f4cd0000, 0x00000000f5550000)
 concurrent mark-sweep generation total 174784K, used 174782K [0x00000000f5550000, 0x0000000100000000, 0x0000000100000000)
 Metaspace       used 65915K, capacity 68793K, committed 69760K, reserved 1112064K
  class space    used 6077K, capacity 7052K, committed 7296K, reserved 1048576K
}
Event: 693.898 GC heap before
{Heap before GC invocations=1560 (full 1350):
 par new generation   total 78656K, used 78656K [0x00000000f0000000, 0x00000000f5550000, 0x00000000f5550000)
  eden space 69952K, 100% used [0x00000000f0000000, 0x00000000f4450000, 0x00000000f4450000)
  from space 8704K, 100% used [0x00000000f4450000, 0x00000000f4cd0000, 0x00000000f4cd0000)
  to   space 8704K,   0% used [0x00000000f4cd0000, 0x00000000f4cd0000, 0x00000000f5550000)
 concurrent mark-sweep generation total 174784K, used 174783K [0x00000000f5550000, 0x0000000100000000, 0x0000000100000000)
 Metaspace       used 65915K, capacity 68793K, committed 69760K, reserved 1112064K
  class space    used 6077K, capacity 7052K, committed 7296K, reserved 1048576K
}
Event: 694.647 GC heap after
{Heap after GC invocations=1561 (full 1351):
 par new generation   total 78656K, used 69782K [0x00000000f0000000, 0x00000000f5550000, 0x00000000f5550000)
  eden space 69952K,  99% used [0x00000000f0000000, 0x00000000f4425a70, 0x00000000f4450000)
  from space 8704K,   0% used [0x00000000f4450000, 0x00000000f4450000, 0x00000000f4cd0000)
  to   space 8704K,   0% used [0x00000000f4cd0000, 0x00000000f4cd0000, 0x00000000f5550000)
 concurrent mark-sweep generation total 174784K, used 174783K [0x00000000f5550000, 0x0000000100000000, 0x0000000100000000)
 Metaspace       used 65915K, capacity 68793K, committed 69760K, reserved 1112064K
  class space    used 6077K, capacity 7052K, committed 7296K, reserved 1048576K
}
Event: 694.702 GC heap before
{Heap before GC invocations=1561 (full 1351):
 par new generation   total 78656K, used 78655K [0x00000000f0000000, 0x00000000f5550000, 0x00000000f5550000)
  eden space 69952K, 100% used [0x00000000f0000000, 0x00000000f4450000, 0x00000000f4450000)
  from space 8704K,  99% used [0x00000000f4450000, 0x00000000f4ccfff8, 0x00000000f4cd0000)
  to   space 8704K,   0% used [0x00000000f4cd0000, 0x00000000f4cd0000, 0x00000000f5550000)
 concurrent mark-sweep generation total 174784K, used 174784K [0x00000000f5550000, 0x0000000100000000, 0x0000000100000000)
 Metaspace       used 65915K, capacity 68793K, committed 69760K, reserved 1112064K
  class space    used 6077K, capacity 7052K, committed 7296K, reserved 1048576K
}
Event: 695.276 GC heap after
{Heap after GC invocations=1562 (full 1352):
 par new generation   total 78656K, used 69792K [0x00000000f0000000, 0x00000000f5550000, 0x00000000f5550000)
  eden space 69952K,  99% used [0x00000000f0000000, 0x00000000f4428338, 0x00000000f4450000)
  from space 8704K,   0% used [0x00000000f4450000, 0x00000000f4450000, 0x00000000f4cd0000)
  to   space 8704K,   0% used [0x00000000f4cd0000, 0x00000000f4cd0000, 0x00000000f5550000)
 concurrent mark-sweep generation total 174784K, used 174782K [0x00000000f5550000, 0x0000000100000000, 0x0000000100000000)
 Metaspace       used 65915K, capacity 68793K, committed 69760K, reserved 1112064K
  class space    used 6077K, capacity 7052K, committed 7296K, reserved 1048576K
}
Event: 695.379 GC heap before
{Heap before GC invocations=1562 (full 1353):
 par new generation   total 78656K, used 78656K [0x00000000f0000000, 0x00000000f5550000, 0x00000000f5550000)
  eden space 69952K, 100% used [0x00000000f0000000, 0x00000000f4450000, 0x00000000f4450000)
  from space 8704K, 100% used [0x00000000f4450000, 0x00000000f4cd0000, 0x00000000f4cd0000)
  to   space 8704K,   0% used [0x00000000f4cd0000, 0x00000000f4cd0000, 0x00000000f5550000)
 concurrent mark-sweep generation total 174784K, used 174784K [0x00000000f5550000, 0x0000000100000000, 0x0000000100000000)
 Metaspace       used 65915K, capacity 68793K, committed 69760K, reserved 1112064K
  class space    used 6077K, capacity 7052K, committed 7296K, reserved 1048576K
}
Event: 696.126 GC heap after
{Heap after GC invocations=1563 (full 1354):
 par new generation   total 78656K, used 69805K [0x00000000f0000000, 0x00000000f5550000, 0x00000000f5550000)
  eden space 69952K,  99% used [0x00000000f0000000, 0x00000000f442b728, 0x00000000f4450000)
  from space 8704K,   0% used [0x00000000f4450000, 0x00000000f4450000, 0x00000000f4cd0000)
  to   space 8704K,   0% used [0x00000000f4cd0000, 0x00000000f4cd0000, 0x00000000f5550000)
 concurrent mark-sweep generation total 174784K, used 174783K [0x00000000f5550000, 0x0000000100000000, 0x0000000100000000)
 Metaspace       used 65915K, capacity 68793K, committed 69760K, reserved 1112064K
  class space    used 6077K, capacity 7052K, committed 7296K, reserved 1048576K
}
Event: 696.181 GC heap before
{Heap before GC invocations=1563 (full 1354):
 par new generation   total 78656K, used 78655K [0x00000000f0000000, 0x00000000f5550000, 0x00000000f5550000)
  eden space 69952K, 100% used [0x00000000f0000000, 0x00000000f4450000, 0x00000000f4450000)
  from space 8704K,  99% used [0x00000000f4450000, 0x00000000f4ccfdc0, 0x00000000f4cd0000)
  to   space 8704K,   0% used [0x00000000f4cd0000, 0x00000000f4cd0000, 0x00000000f5550000)
 concurrent mark-sweep generation total 174784K, used 174783K [0x00000000f5550000, 0x0000000100000000, 0x0000000100000000)
 Metaspace       used 65915K, capacity 68793K, committed 69760K, reserved 1112064K
  class space    used 6077K, capacity 7052K, committed 7296K, reserved 1048576K
}
Event: 696.754 GC heap after
{Heap after GC invocations=1564 (full 1355):
 par new generation   total 78656K, used 69818K [0x00000000f0000000, 0x00000000f5550000, 0x00000000f5550000)
  eden space 69952K,  99% used [0x00000000f0000000, 0x00000000f442e8b0, 0x00000000f4450000)
  from space 8704K,   0% used [0x00000000f4450000, 0x00000000f4450000, 0x00000000f4cd0000)
  to   space 8704K,   0% used [0x00000000f4cd0000, 0x00000000f4cd0000, 0x00000000f5550000)
 concurrent mark-sweep generation total 174784K, used 174782K [0x00000000f5550000, 0x0000000100000000, 0x0000000100000000)
 Metaspace       used 65915K, capacity 68793K, committed 69760K, reserved 1112064K
  class space    used 6077K, capacity 7052K, committed 7296K, reserved 1048576K
}
Event: 696.856 GC heap before
{Heap before GC invocations=1564 (full 1356):
 par new generation   total 78656K, used 78656K [0x00000000f0000000, 0x00000000f5550000, 0x00000000f5550000)
  eden space 69952K, 100% used [0x00000000f0000000, 0x00000000f4450000, 0x00000000f4450000)
  from space 8704K, 100% used [0x00000000f4450000, 0x00000000f4cd0000, 0x00000000f4cd0000)
  to   space 8704K,   0% used [0x00000000f4cd0000, 0x00000000f4cd0000, 0x00000000f5550000)
 concurrent mark-sweep generation total 174784K, used 174783K [0x00000000f5550000, 0x0000000100000000, 0x0000000100000000)
 Metaspace       used 65915K, capacity 68793K, committed 69760K, reserved 1112064K
  class space    used 6077K, capacity 7052K, committed 7296K, reserved 1048576K
}
Event: 697.591 GC heap after
{Heap after GC invocations=1565 (full 1357):
 par new generation   total 78656K, used 69769K [0x00000000f0000000, 0x00000000f5550000, 0x00000000f5550000)
  eden space 69952K,  99% used [0x00000000f0000000, 0x00000000f4422700, 0x00000000f4450000)
  from space 8704K,   0% used [0x00000000f4450000, 0x00000000f4450000, 0x00000000f4cd0000)
  to   space 8704K,   0% used [0x00000000f4cd0000, 0x00000000f4cd0000, 0x00000000f5550000)
 concurrent mark-sweep generation total 174784K, used 174783K [0x00000000f5550000, 0x0000000100000000, 0x0000000100000000)
 Metaspace       used 65915K, capacity 68793K, committed 69760K, reserved 1112064K
  class space    used 6077K, capacity 7052K, committed 7296K, reserved 1048576K
}
Event: 697.645 GC heap before
{Heap before GC invocations=1565 (full 1357):
 par new generation   total 78656K, used 78655K [0x00000000f0000000, 0x00000000f5550000, 0x00000000f5550000)
  eden space 69952K, 100% used [0x00000000f0000000, 0x00000000f4450000, 0x00000000f4450000)
  from space 8704K,  99% used [0x00000000f4450000, 0x00000000f4ccfff0, 0x00000000f4cd0000)
  to   space 8704K,   0% used [0x00000000f4cd0000, 0x00000000f4cd0000, 0x00000000f5550000)
 concurrent mark-sweep generation total 174784K, used 174784K [0x00000000f5550000, 0x0000000100000000, 0x0000000100000000)
 Metaspace       used 65915K, capacity 68793K, committed 69760K, reserved 1112064K
  class space    used 6077K, capacity 7052K, committed 7296K, reserved 1048576K
}
Event: 698.220 GC heap after
{Heap after GC invocations=1566 (full 1358):
 par new generation   total 78656K, used 69845K [0x00000000f0000000, 0x00000000f5550000, 0x00000000f5550000)
  eden space 69952K,  99% used [0x00000000f0000000, 0x00000000f44354e0, 0x00000000f4450000)
  from space 8704K,   0% used [0x00000000f4450000, 0x00000000f4450000, 0x00000000f4cd0000)
  to   space 8704K,   0% used [0x00000000f4cd0000, 0x00000000f4cd0000, 0x00000000f5550000)
 concurrent mark-sweep generation total 174784K, used 174782K [0x00000000f5550000, 0x0000000100000000, 0x0000000100000000)
 Metaspace       used 65915K, capacity 68793K, committed 69760K, reserved 1112064K
  class space    used 6077K, capacity 7052K, committed 7296K, reserved 1048576K
}

